<?xml version="1.0" encoding="UTF-8" ?>
<testsuite tests="1" failures="1" name="TestNGTest1" time="0.476" errors="0" skipped="0">
  <properties>
[...]
</properties>
  <testcase classname="TestNGTest1" name="firstTest" time="0.476">
    <failure message="expected [Home Page Welcome back, admin!] but found [Home Page
Welcome back, admin!]" type="java.lang.AssertionError">java.lang.AssertionError: expected [Home Page Welcome back, admin!] but found [Home Page
Welcome back, admin!]
	at org.testng.Assert.fail(Assert.java:110)
	at org.testng.Assert.failNotEquals(Assert.java:1413)
	at org.testng.Assert.assertEqualsImpl(Assert.java:149)
	at org.testng.Assert.assertEquals(Assert.java:131)
	at org.testng.Assert.assertEquals(Assert.java:655)
	at org.testng.Assert.assertEquals(Assert.java:665)
	at TestNGTest1.firstTest(TestNGTest1.java:48)
</failure>
    <system-out>Configuring TestNG with: org.apache.maven.surefire.testng.conf.TestNG652Configurator@735b478
</system-out>
    <system-err>SLF4J: No SLF4J providers were found.
SLF4J: Defaulting to no-operation (NOP) logger implementation
SLF4J: See https://www.slf4j.org/codes.html#noProviders for further details.
Starting ChromeDriver 110.0.5481.77 (65ed616c6e8ee3fe0ad64fe83796c020644d42af-refs/branch-heads/5481@{#839}) on port 24328
Only local connections are allowed.
Please see https://chromedriver.chromium.org/security-considerations for suggestions on keeping ChromeDriver safe.
ChromeDriver was started successfully.
[1676343814.051][WARNING]: virtual void DevToolsClientImpl::AddListener(DevToolsEventListener *) subscribing a listener to the already connected DevToolsClient. Connection notification will not arrive.
Feb 14, 2023 10:03:34 AM org.openqa.selenium.devtools.CdpVersionFinder findNearestMatch
WARNING: Unable to find an exact match for CDP version 110, so returning the closest version found: 108
</system-err>
  </testcase>
</testsuite>