<?xml version="1.0" encoding="UTF-8"?>
<testng-results ignored="0" total="1" passed="1" failed="0" skipped="0">
  <reporter-output>
  </reporter-output>
  <suite started-at="2023-02-14T10:17:25 ICT" name="TestNGTest1" finished-at="2023-02-14T10:17:28 ICT" duration-ms="2710">
    <groups>
    </groups>
    <test started-at="2023-02-14T10:17:25 ICT" name="Command line test" finished-at="2023-02-14T10:17:28 ICT" duration-ms="2710">
      <class name="TestNGTest1">
        <test-method is-config="true" signature="setUp()[pri:0, instance:TestNGTest1@5b0abc94]" started-at="2023-02-14T10:17:25 ICT" name="setUp" finished-at="2023-02-14T10:17:27 ICT" duration-ms="2141" status="PASS">
          <reporter-output>
          </reporter-output>
        </test-method> <!-- setUp -->
        <test-method signature="firstTest()[pri:0, instance:TestNGTest1@5b0abc94]" started-at="2023-02-14T10:17:27 ICT" name="firstTest" finished-at="2023-02-14T10:17:28 ICT" duration-ms="463" status="PASS">
          <reporter-output>
          </reporter-output>
        </test-method> <!-- firstTest -->
        <test-method is-config="true" signature="tearDown()[pri:0, instance:TestNGTest1@5b0abc94]" started-at="2023-02-14T10:17:28 ICT" name="tearDown" finished-at="2023-02-14T10:17:28 ICT" duration-ms="81" status="PASS">
          <reporter-output>
          </reporter-output>
        </test-method> <!-- tearDown -->
      </class> <!-- TestNGTest1 -->
    </test> <!-- Command line test -->
  </suite> <!-- TestNGTest1 -->
</testng-results>
