<?xml version="1.0" encoding="UTF-8"?>
<!-- Generated by org.testng.reporters.JUnitXMLReporter -->
<testsuite ignored="0" hostname="DESKTOP-4P47PET" failures="1" tests="1" name="Command line test" time="2.702" errors="0" timestamp="2023-02-14T10:03:34 ICT">
  <testcase classname="TestNGTest1" name="firstTest" time="0.473">
    <failure type="java.lang.AssertionError" message="expected [Home Page Welcome back, admin!] but found [Home Page
Welcome back, admin!]">
      <![CDATA[java.lang.AssertionError: expected [Home Page Welcome back, admin!] but found [Home Page
Welcome back, admin!]
at TestNGTest1.firstTest(TestNGTest1.java:48)
at java.base/java.util.ArrayList.forEach(ArrayList.java:1511)
... Removed 38 stack frames]]>
    </failure>
  </testcase> <!-- firstTest -->
</testsuite> <!-- Command line test -->
