<?xml version="1.0" encoding="UTF-8"?>
<!-- Generated by org.testng.reporters.JUnitXMLReporter -->
<testsuite ignored="0" hostname="DESKTOP-4P47PET" failures="0" tests="3" name="Command line test" time="5.443" errors="0" timestamp="2023-02-14T11:19:27 ICT">
  <testcase classname="TestNGTest1" name="firstTest" time="2.732"/>
  <testcase classname="TestNGTest1" name="secondTest" time="0.246"/>
  <testcase classname="TestNGTest1" name="thirdTest" time="0.168"/>
</testsuite> <!-- Command line test -->
